STEP to UG
! INFO-     NX STEP AP214 - V12.0
! INFO-      
! INFO-     Start of Translation: 4-OCT-2018  1:15:42 PM
! INFO-      
! STATUS-   Converting Part: D:\Cad_blueprints\NX\StriRus new\StriRus_gamma_prototype\motor_carrier\motor\25d-metal-gearmotor-75-99-encoder.step
! SUMMARY-   
! SUMMARY-    STEP Header Information
! SUMMARY-   
! SUMMARY-  Description      STEP AP214
! SUMMARY-  Imp_Level        1
! SUMMARY-  File_Name        25d-metal-gearmotor-75-99-encoder.step
! SUMMARY-  Date             2016-02-24T21:09:59
! SUMMARY-  Author           Unknown
! SUMMARY-  Organization     Unknown
! SUMMARY-  Pre_Version      SwSTEP 2.0
! SUMMARY-  Orig_System      SolidWorks 2015
! SUMMARY-  Authorization    Unknown
! SUMMARY-  Schema_ID        automotive_design
! SUMMARY-   
! SUMMARY-    Summary of STEP Entities
! SUMMARY-   
! SUMMARY-  Entity Type                                                   Count
! SUMMARY-  -----------                                                   ------
! SUMMARY-  advanced_face ..............................................:    499
! SUMMARY-  application_context ........................................:      2
! SUMMARY-  axis2_placement_3d .........................................:    613
! SUMMARY-  b_spline_curve_with_knots ..................................:    411
! SUMMARY-  b_spline_surface_with_knots ................................:    123
! SUMMARY-  cartesian_point ............................................:  13704
! SUMMARY-  circle .....................................................:    236
! SUMMARY-  closed_shell ...............................................:      1
! SUMMARY-  conical_surface ............................................:     10
! SUMMARY-  cylindrical_surface ........................................:     84
! SUMMARY-  direction ..................................................:   1811
! SUMMARY-  edge_curve .................................................:   1232
! SUMMARY-  edge_loop ..................................................:    568
! SUMMARY-  face_bound .................................................:     69
! SUMMARY-  face_outer_bound ...........................................:    499
! SUMMARY-  geometric_representation_context_and_global_uncertainty_a ..:    491
! SUMMARY-  length_unit_and_si_unit ....................................:    491
! SUMMARY-  line .......................................................:    585
! SUMMARY-  manifold_solid_brep ........................................:      1
! SUMMARY-  oriented_edge ..............................................:   2464
! SUMMARY-  plane ......................................................:    280
! SUMMARY-  plane_angle_unit_and_si_unit ...............................:    491
! SUMMARY-  product ....................................................:      1
! SUMMARY-  product_context ............................................:      1
! SUMMARY-  product_definition .........................................:      1
! SUMMARY-  product_definition_context .................................:      1
! SUMMARY-  product_definition_formation_with_specified_source .........:      1
! SUMMARY-  product_definition_shape ...................................:      1
! SUMMARY-  product_related_product_category ...........................:      1
! SUMMARY-  si_unit_and_solid_angle_unit ...............................:    491
! SUMMARY-  toroidal_surface ...........................................:      2
! SUMMARY-  uncertainty_measure_with_unit ..............................:    491
! SUMMARY-  vector .....................................................:    585
! SUMMARY-  vertex_point ...............................................:    796
! SUMMARY-                                                               -------
! SUMMARY-  Total                                                          27037
! STATUS-    
! STATUS-   Converting to Output Form (Phase 2 of 3): 4-OCT-2018 1:15:43 PM
! STATUS-    
! STATUS-    
! STATUS-   Generating UG geometry and placing them in parts
! STATUS-    
! STATUS-   Creating the UG part (Phase 3 of 3): 4-OCT-2018  1:15:43 PM
! STATUS-    
! STATUS-   Creating UG solid body from Input Ent Id 16297
! STATUS-    
! STATUS-   fixing vertex and/or edge off surface faults
! STATUS-    
! STATUS-   simplifying Bsplines to analytics
! STATUS-    
! STATUS-   converting tolerant edges into exact edges
! STATUS-    
! STATUS-   doing final check of body to report any faults
! STATUS-    
! INFO-     Filing Part ..: D:\Cad_blueprints\NX\StriRus new\StriRus_gamma_prototype\motor_carrier\motor\25d-metal-gearmotor-75-99-encoder.prt
! SUMMARY-   
! SUMMARY-  Summary of Unigraphics Part Entities
! SUMMARY-   
! SUMMARY-  Entities Processed             Count
! SUMMARY-  ------------------             -----
! SUMMARY-  Part Attribute ..............:    12
! SUMMARY-  Coordinate System ...........:     1
! SUMMARY-  Solid .......................:     1
! SUMMARY-                                 -----
! SUMMARY-  Total                             14
! INFO-      
! INFO-     Total number of solids input for this translation       :         1
! INFO-      
! INFO-     Number of solids created without body validation faults :         1
! INFO-      
! INFO-     Number of solids created with body validation fault(s)  :         0
! INFO-      
! INFO-     Number of solids ending up as sheet bodies              :         0
! INFO-      
! INFO-     End of Translation: 4-OCT-2018  1:15:45 PM
! INFO-      
