STEP to UG
! INFO-     NX STEP AP214 - V12.0
! INFO-      
! INFO-     Start of Translation: 4-OCT-2018  1:30:17 PM
! INFO-      
! STATUS-   Converting Part: D:\Cad_blueprints\NX\StriRus new\StriRus_gamma_prototype\motor_carrier\motor\pololu-25d-mm-metal-gearmotor-bracket.step
! SUMMARY-   
! SUMMARY-    STEP Header Information
! SUMMARY-   
! SUMMARY-  Description      STEP AP214
! SUMMARY-  Imp_Level        1
! SUMMARY-  File_Name        bkt04c-with-logo-1.step
! SUMMARY-  Date             2016-03-02T19:49:54
! SUMMARY-  Author           Unknown
! SUMMARY-  Organization     Unknown
! SUMMARY-  Pre_Version      SwSTEP 2.0
! SUMMARY-  Orig_System      SolidWorks 2015
! SUMMARY-  Authorization    Unknown
! SUMMARY-  Schema_ID        automotive_design
! SUMMARY-   
! SUMMARY-    Summary of STEP Entities
! SUMMARY-   
! SUMMARY-  Entity Type                                                   Count
! SUMMARY-  -----------                                                   ------
! SUMMARY-  advanced_face ..............................................:    360
! SUMMARY-  application_context ........................................:      2
! SUMMARY-  axis2_placement_3d .........................................:    393
! SUMMARY-  b_spline_curve_with_knots ..................................:    196
! SUMMARY-  b_spline_surface_with_knots ................................:     98
! SUMMARY-  cartesian_point ............................................:   5885
! SUMMARY-  circle .....................................................:    130
! SUMMARY-  closed_shell ...............................................:      1
! SUMMARY-  cylindrical_surface ........................................:     65
! SUMMARY-  direction ..................................................:   1444
! SUMMARY-  edge_curve .................................................:    984
! SUMMARY-  edge_loop ..................................................:    412
! SUMMARY-  face_bound .................................................:     52
! SUMMARY-  face_outer_bound ...........................................:    360
! SUMMARY-  geometric_representation_context_and_global_uncertainty_a ..:      3
! SUMMARY-  length_unit_and_si_unit ....................................:      3
! SUMMARY-  line .......................................................:    658
! SUMMARY-  manifold_solid_brep ........................................:      1
! SUMMARY-  oriented_edge ..............................................:   1968
! SUMMARY-  plane ......................................................:    197
! SUMMARY-  plane_angle_unit_and_si_unit ...............................:      3
! SUMMARY-  product ....................................................:      1
! SUMMARY-  product_context ............................................:      1
! SUMMARY-  product_definition .........................................:      1
! SUMMARY-  product_definition_context .................................:      1
! SUMMARY-  product_definition_formation_with_specified_source .........:      1
! SUMMARY-  product_definition_shape ...................................:      1
! SUMMARY-  product_related_product_category ...........................:      1
! SUMMARY-  si_unit_and_solid_angle_unit ...............................:      3
! SUMMARY-  uncertainty_measure_with_unit ..............................:      3
! SUMMARY-  vector .....................................................:    658
! SUMMARY-  vertex_point ...............................................:    654
! SUMMARY-                                                               -------
! SUMMARY-  Total                                                          14540
! STATUS-    
! STATUS-   Converting to Output Form (Phase 2 of 3): 4-OCT-2018 1:30:18 PM
! STATUS-    
! STATUS-    
! STATUS-   Generating UG geometry and placing them in parts
! STATUS-    
! STATUS-   Creating the UG part (Phase 3 of 3): 4-OCT-2018  1:30:18 PM
! STATUS-    
! STATUS-   Creating UG solid body from Input Ent Id 12701
! STATUS-    
! STATUS-   simplifying Bsplines to analytics
! STATUS-    
! STATUS-   converting tolerant edges into exact edges
! STATUS-    
! STATUS-   doing final check of body to report any faults
! STATUS-    
! INFO-     Filing Part ..: D:\Cad_blueprints\NX\StriRus new\StriRus_gamma_prototype\motor_carrier\motor\pololu-25d-mm-metal-gearmotor-bracket.prt
! SUMMARY-   
! SUMMARY-  Summary of Unigraphics Part Entities
! SUMMARY-   
! SUMMARY-  Entities Processed             Count
! SUMMARY-  ------------------             -----
! SUMMARY-  Part Attribute ..............:    12
! SUMMARY-  Coordinate System ...........:     1
! SUMMARY-  Solid .......................:     1
! SUMMARY-                                 -----
! SUMMARY-  Total                             14
! INFO-      
! INFO-     Total number of solids input for this translation       :         1
! INFO-      
! INFO-     Number of solids created without body validation faults :         1
! INFO-      
! INFO-     Number of solids created with body validation fault(s)  :         0
! INFO-      
! INFO-     Number of solids ending up as sheet bodies              :         0
! INFO-      
! INFO-     End of Translation: 4-OCT-2018  1:30:19 PM
! INFO-      
